2026-03-24 00:00:00 Australia/Brisbane | qmd=up | openclaw_home=unset | kb_files=
2026-03-24 00:10:00 Australia/Brisbane | qmd=up | openclaw_home=unset | kb_files=
2026-03-24 00:20 AEST	qmd=up	kb=workspace/governance/OPEN_QUESTIONS.md|workspace/governance/memory/README.md|workspace/governance/identity/README.md|workspace/governance/HEARTBEAT.md|workspace/governance/README.md|workspace/governance/doctrine/README.md|workspace/governance/ops/README.md|workspace/governance/human/README.md|workspace/research/TACTI_framework_integration.md|workspace/research/wander_log.md|workspace/research/README.md|workspace/research/openviking_eval.md|workspace/research/IMPLEMENTATION_ROADMAP.md	openclaw_home=unset
2026-03-24 00:30:00 Australia/Brisbane	qmd=up	kb=workspace/governance/OPEN_QUESTIONS.md|workspace/governance/memory/README.md|workspace/governance/identity/README.md|workspace/governance/HEARTBEAT.md|workspace/governance/README.md|workspace/governance/doctrine/README.md|workspace/governance/ops/README.md|workspace/governance/human/README.md|workspace/research/TACTI_framework_integration.md|workspace/research/wander_log.md|workspace/research/README.md|workspace/research/openviking_eval.md|workspace/research/IMPLEMENTATION_ROADMAP.md	openclaw_home=unset
time=2026-03-24T00:40:19+10:00 qmd=up openclaw_home=unset
new_files<<EOF
workspace/governance/OPEN_QUESTIONS.md
workspace/governance/memory/README.md
workspace/governance/identity/README.md
workspace/governance/HEARTBEAT.md
workspace/governance/README.md
workspace/governance/doctrine/README.md
workspace/governance/ops/README.md
workspace/governance/human/README.md
workspace/research/TACTI_framework_integration.md
workspace/research/wander_log.md
workspace/research/README.md
workspace/research/openviking_eval.md
workspace/research/IMPLEMENTATION_ROADMAP.md
EOF
time=2026-03-24T00:50:17+10:00 qmd=up openclaw_home=unset
new_files<<EOF
workspace/governance/OPEN_QUESTIONS.md
workspace/governance/memory/README.md
workspace/governance/identity/README.md
workspace/governance/HEARTBEAT.md
workspace/governance/README.md
workspace/governance/doctrine/README.md
workspace/governance/ops/README.md
workspace/governance/human/README.md
workspace/research/TACTI_framework_integration.md
workspace/research/wander_log.md
workspace/research/README.md
workspace/research/openviking_eval.md
workspace/research/IMPLEMENTATION_ROADMAP.md
EOF
time=2026-03-24T01:00:00+10:00 qmd=up openclaw_home=unset
new_files<<EOF
workspace/governance/OPEN_QUESTIONS.md
workspace/governance/memory/README.md
workspace/governance/identity/README.md
workspace/governance/HEARTBEAT.md
workspace/governance/README.md
workspace/governance/doctrine/README.md
workspace/governance/ops/README.md
workspace/governance/human/README.md
workspace/research/TACTI_framework_integration.md
workspace/research/wander_log.md
workspace/research/README.md
workspace/research/openviking_eval.md
workspace/research/IMPLEMENTATION_ROADMAP.md
EOF
[2026-03-24 01:10 AEST] qmd=up
[2026-03-24 01:10 AEST] kb=workspace/governance/OPEN_QUESTIONS.md
[2026-03-24 01:10 AEST] kb=workspace/governance/memory/README.md
[2026-03-24 01:10 AEST] kb=workspace/governance/identity/README.md
[2026-03-24 01:10 AEST] kb=workspace/governance/HEARTBEAT.md
[2026-03-24 01:10 AEST] kb=workspace/governance/README.md
[2026-03-24 01:10 AEST] kb=workspace/governance/doctrine/README.md
[2026-03-24 01:10 AEST] kb=workspace/governance/ops/README.md
[2026-03-24 01:10 AEST] kb=workspace/governance/human/README.md
[2026-03-24 01:10 AEST] kb=workspace/research/TACTI_framework_integration.md
[2026-03-24 01:10 AEST] kb=workspace/research/wander_log.md
[2026-03-24 01:10 AEST] kb=workspace/research/README.md
[2026-03-24 01:10 AEST] kb=workspace/research/openviking_eval.md
[2026-03-24 01:10 AEST] kb=workspace/research/IMPLEMENTATION_ROADMAP.md
[2026-03-24 01:10 AEST] openclaw_home=unset
time=2026-03-24T01:20:00+10:00 qmd=up openclaw_home=unset
new_files<<EOF
workspace/governance/OPEN_QUESTIONS.md
workspace/governance/memory/README.md
workspace/governance/identity/README.md
workspace/governance/HEARTBEAT.md
workspace/governance/README.md
workspace/governance/doctrine/README.md
workspace/governance/ops/README.md
workspace/governance/human/README.md
workspace/research/TACTI_framework_integration.md
workspace/research/wander_log.md
workspace/research/README.md
workspace/research/openviking_eval.md
workspace/research/IMPLEMENTATION_ROADMAP.md
EOF
2026-03-24 01:30:18 AEST | qmd=up | openclaw_home=unset | kb_files=workspace/governance/OPEN_QUESTIONS.md|workspace/governance/memory/README.md|workspace/governance/identity/README.md|workspace/governance/HEARTBEAT.md|workspace/governance/README.md|workspace/governance/doctrine/README.md|workspace/governance/ops/README.md|workspace/governance/human/README.md|workspace/research/TACTI_framework_integration.md|workspace/research/wander_log.md|workspace/research/README.md|workspace/research/openviking_eval.md|workspace/research/IMPLEMENTATION_ROADMAP.md
2026-03-24 01:40:00 Australia/Brisbane | qmd=up | openclaw_home=unset | kb_files=workspace/governance/OPEN_QUESTIONS.md|workspace/governance/memory/README.md|workspace/governance/identity/README.md|workspace/governance/HEARTBEAT.md|workspace/governance/README.md|workspace/governance/doctrine/README.md|workspace/governance/ops/README.md|workspace/governance/human/README.md|workspace/research/TACTI_framework_integration.md|workspace/research/wander_log.md|workspace/research/README.md|workspace/research/openviking_eval.md|workspace/research/IMPLEMENTATION_ROADMAP.md
2026-03-24 01:50:00 Australia/Brisbane | qmd=up | openclaw_home=unset | kb_files=workspace/governance/OPEN_QUESTIONS.md|workspace/governance/memory/README.md|workspace/governance/identity/README.md|workspace/governance/HEARTBEAT.md|workspace/governance/README.md|workspace/governance/doctrine/README.md|workspace/governance/ops/README.md|workspace/governance/human/README.md|workspace/research/TACTI_framework_integration.md|workspace/research/wander_log.md|workspace/research/README.md|workspace/research/openviking_eval.md|workspace/research/IMPLEMENTATION_ROADMAP.md
2026-03-24T02:00:00+10:00 | qmd=up | kb_count=13 | openclaw_home=unset | kb_files=workspace/governance/OPEN_QUESTIONS.md, workspace/governance/memory/README.md, workspace/governance/identity/README.md, workspace/governance/HEARTBEAT.md, workspace/governance/README.md, workspace/governance/doctrine/README.md, workspace/governance/ops/README.md, workspace/governance/human/README.md, workspace/research/TACTI_framework_integration.md, workspace/research/wander_log.md, workspace/research/README.md, workspace/research/openviking_eval.md, workspace/research/IMPLEMENTATION_ROADMAP.md
2026-03-24 02:10:00 Australia/Brisbane | qmd=up | openclaw_home=unset | kb_files=workspace/governance/OPEN_QUESTIONS.md|workspace/governance/memory/README.md|workspace/governance/identity/README.md|workspace/governance/HEARTBEAT.md|workspace/governance/README.md|workspace/governance/doctrine/README.md|workspace/governance/ops/README.md|workspace/governance/human/README.md|workspace/research/TACTI_framework_integration.md|workspace/research/wander_log.md|workspace/research/README.md|workspace/research/openviking_eval.md|workspace/research/IMPLEMENTATION_ROADMAP.md
2026-03-24 02:20:00 Australia/Brisbane | qmd=up | openclaw_home=unset | kb_files=workspace/governance/OPEN_QUESTIONS.md|workspace/governance/memory/README.md|workspace/governance/identity/README.md|workspace/governance/HEARTBEAT.md|workspace/governance/README.md|workspace/governance/doctrine/README.md|workspace/governance/ops/README.md|workspace/governance/human/README.md|workspace/research/TACTI_framework_integration.md|workspace/research/wander_log.md|workspace/research/README.md|workspace/research/openviking_eval.md|workspace/research/IMPLEMENTATION_ROADMAP.md
2026-03-24 02:30:00 Australia/Brisbane | qmd=up | openclaw_home=unset | kb_files=workspace/governance/OPEN_QUESTIONS.md|workspace/governance/memory/README.md|workspace/governance/identity/README.md|workspace/governance/HEARTBEAT.md|workspace/governance/README.md|workspace/governance/doctrine/README.md|workspace/governance/ops/README.md|workspace/governance/human/README.md|workspace/research/TACTI_framework_integration.md|workspace/research/wander_log.md|workspace/research/README.md|workspace/research/openviking_eval.md|workspace/research/IMPLEMENTATION_ROADMAP.md
2026-03-24 06:17:00 Australia/Brisbane | qmd=up | openclaw_home=unset | kb_files=workspace/governance/OPEN_QUESTIONS.md|workspace/governance/memory/README.md|workspace/governance/identity/README.md|workspace/governance/HEARTBEAT.md|workspace/governance/README.md|workspace/governance/doctrine/README.md|workspace/governance/ops/README.md|workspace/governance/human/README.md|workspace/research/TACTI_framework_integration.md|workspace/research/wander_log.md|workspace/research/README.md|workspace/research/openviking_eval.md|workspace/research/IMPLEMENTATION_ROADMAP.md
2026-03-24 06:20:00 Australia/Brisbane | qmd=up | openclaw_home=unset | kb_files=workspace/governance/OPEN_QUESTIONS.md|workspace/governance/memory/README.md|workspace/governance/identity/README.md|workspace/governance/HEARTBEAT.md|workspace/governance/README.md|workspace/governance/doctrine/README.md|workspace/governance/ops/README.md|workspace/governance/human/README.md|workspace/research/TACTI_framework_integration.md|workspace/research/wander_log.md|workspace/research/README.md|workspace/research/openviking_eval.md|workspace/research/IMPLEMENTATION_ROADMAP.md
[2026-03-24 06:30 AEST]
status=up
openclaw_home=UNSET
files<<EOF
workspace/governance/OPEN_QUESTIONS.md
workspace/governance/memory/README.md
workspace/governance/identity/README.md
workspace/governance/HEARTBEAT.md
workspace/governance/README.md
workspace/governance/doctrine/README.md
workspace/governance/ops/README.md
workspace/governance/human/README.md
workspace/research/TACTI_framework_integration.md
workspace/research/wander_log.md
workspace/research/README.md
workspace/research/openviking_eval.md
workspace/research/IMPLEMENTATION_ROADMAP.md
EOF
2026-03-24 06:50:20 Australia/Brisbane | qmd=up | openclaw_home=unset | kb_files=workspace/governance/OPEN_QUESTIONS.md|workspace/governance/memory/README.md|workspace/governance/identity/README.md|workspace/governance/HEARTBEAT.md|workspace/governance/README.md|workspace/governance/doctrine/README.md|workspace/governance/ops/README.md|workspace/governance/human/README.md|workspace/research/TACTI_framework_integration.md|workspace/research/wander_log.md|workspace/research/README.md|workspace/research/openviking_eval.md|workspace/research/IMPLEMENTATION_ROADMAP.md
2026-03-24 07:00:00 AEST qmd=up kb=workspace/governance/OPEN_QUESTIONS.md;workspace/governance/memory/README.md;workspace/governance/identity/README.md;workspace/governance/HEARTBEAT.md;workspace/governance/README.md;workspace/governance/doctrine/README.md;workspace/governance/ops/README.md;workspace/governance/human/README.md;workspace/research/TACTI_framework_integration.md;workspace/research/wander_log.md;workspace/research/README.md;workspace/research/openviking_eval.md;workspace/research/IMPLEMENTATION_ROADMAP.md; openclaw_home=unset
2026-03-24 07:00:00 AEST qmd=up kb=workspace/governance/OPEN_QUESTIONS.md;workspace/governance/memory/README.md;workspace/governance/identity/README.md;workspace/governance/HEARTBEAT.md;workspace/governance/README.md;workspace/governance/doctrine/README.md;workspace/governance/ops/README.md;workspace/governance/human/README.md;workspace/research/TACTI_framework_integration.md;workspace/research/wander_log.md;workspace/research/README.md;workspace/research/openviking_eval.md;workspace/research/IMPLEMENTATION_ROADMAP.md; openclaw_home=unset
2026-03-24 07:12:01 Australia/Brisbane | qmd=up | openclaw_home=unset | kb_files=workspace/governance/OPEN_QUESTIONS.md|workspace/governance/memory/README.md|workspace/governance/identity/README.md|workspace/governance/HEARTBEAT.md|workspace/governance/README.md|workspace/governance/doctrine/README.md|workspace/governance/ops/README.md|workspace/governance/human/README.md|workspace/research/TACTI_framework_integration.md|workspace/research/wander_log.md|workspace/research/README.md|workspace/research/openviking_eval.md|workspace/research/IMPLEMENTATION_ROADMAP.md
